<?xml version="1.0" encoding="UTF-8"?>
<robot generator="Robot 4.1.3 (Python 3.10.1 on win32)" generated="20220620 15:36:29.677" rpa="false" schemaversion="2">
<suite id="s1" name="TrucosElementos" source="C:\Users\Teresita Romero\Desktop\Arrays y loops\TrucosElementos.robot">
<test id="s1-t1" name="001 Ir al blog de Winston Castillo">
<kw name="Open Homepage" library="recursos">
<kw name="Open Browser" library="SeleniumLibrary">
<arg>${homePage}</arg>
<arg>${Browser}</arg>
<doc>Opens a new browser instance to the optional ``url``.</doc>
<msg timestamp="20220620 15:36:29.872" level="INFO">Opening browser 'chrome' to base url 'http://www.winstoncastillo.com/udemy/'.</msg>
<status status="PASS" starttime="20220620 15:36:29.871" endtime="20220620 15:36:31.877"/>
</kw>
<status status="PASS" starttime="20220620 15:36:29.871" endtime="20220620 15:36:31.877"/>
</kw>
<kw name="Title Should Be" library="SeleniumLibrary">
<arg>Hola Mundo!</arg>
<doc>Verifies that the current page title equals ``title``.</doc>
<msg timestamp="20220620 15:36:31.882" level="INFO">Page title is 'Hola Mundo!'.</msg>
<status status="PASS" starttime="20220620 15:36:31.877" endtime="20220620 15:36:31.882"/>
</kw>
<kw name="Set Focus To Element" library="SeleniumLibrary">
<arg>xpath=/html/body/div[1]/div/div[2]/a[1]</arg>
<doc>Sets the focus to the element identified by ``locator``.</doc>
<status status="PASS" starttime="20220620 15:36:31.882" endtime="20220620 15:36:31.904"/>
</kw>
<kw name="Click Link" library="SeleniumLibrary">
<arg>xpath=/html/body/div[1]/div/div[2]/a[1]</arg>
<doc>Clicks a link identified by ``locator``.</doc>
<msg timestamp="20220620 15:36:31.905" level="INFO">Clicking link 'xpath=/html/body/div[1]/div/div[2]/a[1]'.</msg>
<status status="PASS" starttime="20220620 15:36:31.905" endtime="20220620 15:36:39.972"/>
</kw>
<kw name="Wait Until Element Is Visible" library="SeleniumLibrary">
<arg>xpath=//*[@id="post-630"]/div[1]/a</arg>
<doc>Waits until the element ``locator`` is visible.</doc>
<status status="PASS" starttime="20220620 15:36:39.972" endtime="20220620 15:36:39.995"/>
</kw>
<kw name="Title Should Be" library="SeleniumLibrary">
<arg>Winston Castillo – Un sitio para comunicarse</arg>
<doc>Verifies that the current page title equals ``title``.</doc>
<msg timestamp="20220620 15:36:40.000" level="INFO">Page title is 'Winston Castillo – Un sitio para comunicarse'.</msg>
<status status="PASS" starttime="20220620 15:36:39.996" endtime="20220620 15:36:40.000"/>
</kw>
<kw name="Close Browser" library="SeleniumLibrary">
<doc>Closes the current browser.</doc>
<status status="PASS" starttime="20220620 15:36:40.001" endtime="20220620 15:36:42.085"/>
</kw>
<status status="PASS" starttime="20220620 15:36:29.871" endtime="20220620 15:36:42.086"/>
</test>
<test id="s1-t2" name="002 Abrir Ventana Modal">
<kw name="Open Homepage" library="recursos">
<kw name="Open Browser" library="SeleniumLibrary">
<arg>${homePage}</arg>
<arg>${Browser}</arg>
<doc>Opens a new browser instance to the optional ``url``.</doc>
<msg timestamp="20220620 15:36:42.094" level="INFO">Opening browser 'chrome' to base url 'http://www.winstoncastillo.com/udemy/'.</msg>
<status status="PASS" starttime="20220620 15:36:42.093" endtime="20220620 15:36:44.520"/>
</kw>
<status status="PASS" starttime="20220620 15:36:42.092" endtime="20220620 15:36:44.520"/>
</kw>
<kw name="Title Should Be" library="SeleniumLibrary">
<arg>Hola Mundo!</arg>
<doc>Verifies that the current page title equals ``title``.</doc>
<msg timestamp="20220620 15:36:44.526" level="INFO">Page title is 'Hola Mundo!'.</msg>
<status status="PASS" starttime="20220620 15:36:44.521" endtime="20220620 15:36:44.526"/>
</kw>
<kw name="Set Focus To Element" library="SeleniumLibrary">
<arg>xpath=/html/body/div[1]/div/div[2]/a[2]</arg>
<doc>Sets the focus to the element identified by ``locator``.</doc>
<status status="PASS" starttime="20220620 15:36:44.526" endtime="20220620 15:36:44.549"/>
</kw>
<kw name="Click Link" library="SeleniumLibrary">
<arg>xpath=/html/body/div[1]/div/div[2]/a[2]</arg>
<doc>Clicks a link identified by ``locator``.</doc>
<msg timestamp="20220620 15:36:44.549" level="INFO">Clicking link 'xpath=/html/body/div[1]/div/div[2]/a[2]'.</msg>
<status status="PASS" starttime="20220620 15:36:44.549" endtime="20220620 15:36:44.590"/>
</kw>
<kw name="Title Should Be" library="SeleniumLibrary">
<arg>Hola Mundo!</arg>
<doc>Verifies that the current page title equals ``title``.</doc>
<msg timestamp="20220620 15:36:44.595" level="INFO">Page title is 'Hola Mundo!'.</msg>
<status status="PASS" starttime="20220620 15:36:44.591" endtime="20220620 15:36:44.595"/>
</kw>
<kw name="Wait Until Element Is Visible" library="SeleniumLibrary">
<arg>xpath=//*[@id="exampleModalLabel"]</arg>
<doc>Waits until the element ``locator`` is visible.</doc>
<status status="PASS" starttime="20220620 15:36:44.596" endtime="20220620 15:36:44.837"/>
</kw>
<kw name="Close Browser" library="SeleniumLibrary">
<doc>Closes the current browser.</doc>
<status status="PASS" starttime="20220620 15:36:44.837" endtime="20220620 15:36:46.912"/>
</kw>
<status status="PASS" starttime="20220620 15:36:42.090" endtime="20220620 15:36:46.914"/>
</test>
<status status="PASS" starttime="20220620 15:36:29.679" endtime="20220620 15:36:46.918"/>
</suite>
<statistics>
<total>
<stat pass="2" fail="0" skip="0">All Tests</stat>
</total>
<tag>
</tag>
<suite>
<stat pass="2" fail="0" skip="0" id="s1" name="TrucosElementos">TrucosElementos</stat>
</suite>
</statistics>
<errors>
</errors>
</robot>
